<?xml version="1.0" encoding="UTF-8"?>
<!-- Generated by org.testng.reporters.JUnitXMLReporter -->
<testsuite ignored="0" hostname="LAPTOP-KS17VBTU" failures="0" tests="3" name="AutomationTests" time="29.054" errors="0" timestamp="2026-05-15T10:59:43 IST">
  <testcase classname="testcases.LoginAutomationTest" name="invalidLoginTest" time="8.945"/>
  <testcase classname="testcases.AddToCartAutomationTest" name="addToCartTest" time="9.935"/>
  <testcase classname="testcases.SearchProductTest" name="searchProductTest" time="10.119"/>
</testsuite> <!-- AutomationTests -->
