<?xml version="1.0" encoding="UTF-8"?>
<testng-results ignored="0" total="1" passed="1" failed="0" skipped="0">
  <reporter-output>
  </reporter-output>
  <suite started-at="2026-05-15T11:48:09 IST" name="Default suite" finished-at="2026-05-15T11:48:31 IST" duration-ms="21686">
    <groups>
    </groups>
    <test started-at="2026-05-15T11:48:09 IST" name="Default test" finished-at="2026-05-15T11:48:31 IST" duration-ms="21686">
      <class name="testcases.LoginAutomationTest">
        <test-method signature="invalidLoginTest()[pri:0, instance:testcases.LoginAutomationTest@3c19aaa5]" started-at="2026-05-15T11:48:09 IST" name="invalidLoginTest" finished-at="2026-05-15T11:48:31 IST" duration-ms="21640" status="PASS">
          <reporter-output>
          </reporter-output>
        </test-method> <!-- invalidLoginTest -->
      </class> <!-- testcases.LoginAutomationTest -->
    </test> <!-- Default test -->
  </suite> <!-- Default suite -->
</testng-results>
